Flutter crash report; please file at https://github.com/flutter/flutter/issues.

## command

flutter --no-color run --machine --device-id=1d94dc61 --start-paused lib/main.dart

## exception

_InternalLinkedHashMap<String, dynamic>: {code: 100, message: Feature is disabled, data: {request: {method: _reloadSources, params: {pause: true, rootLibUri: file:///data/user/0/futa.app_customer/code_cache/app_customerUXMUBQ/app_customer/lib/main.dart.incremental.dill, packagesUri: file:///data/user/0/futa.app_customer/code_cache/app_customerUXMUBQ/app_customer/.packages, isolateId: isolates/878385504}}, details: This isolate cannot reload sources right now.}}

```
null```

## flutter doctor

```
[✓] Flutter (Channel stable, v1.7.8+hotfix.4, on Linux, locale en_US.UTF-8)
    • Flutter version 1.7.8+hotfix.4 at /home/anhpta/Sites/flutter
    • Framework revision 20e59316b8 (3 months ago), 2019-07-18 20:04:33 -0700
    • Engine revision fee001c93f
    • Dart version 2.4.0

[✓] Android toolchain - develop for Android devices (Android SDK version 28.0.3)
    • Android SDK at /home/anhpta/Android/Sdk
    • Android NDK location not configured (optional; useful for native profiling support)
    • Platform android-28, build-tools 28.0.3
    • Java binary at: /home/anhpta/Downloads/android-studio/jre/bin/java
    • Java version OpenJDK Runtime Environment (build 1.8.0_152-release-1248-b01)
    • All Android licenses accepted.

[✓] Android Studio (version 3.1)
    • Android Studio at /opt/android-studio
    • Flutter plugin version 29.0.1
    • Dart plugin version 173.4700
    • Java version OpenJDK Runtime Environment (build 1.8.0_152-release-1024-b01)

[!] Android Studio (version 3.3)
    • Android Studio at /home/anhpta/Downloads/android-studio
    ✗ Flutter plugin not installed; this adds Flutter specific functionality.
    ✗ Dart plugin not installed; this adds Dart specific functionality.
    • Java version OpenJDK Runtime Environment (build 1.8.0_152-release-1248-b01)

[✓] Connected device (2 available)
    • SM J500H                  • 1d94dc61      • android-arm • Android 6.0.1 (API 23)
    • Android SDK built for x86 • emulator-5554 • android-x86 • Android 6.0 (API 23) (emulator)

! Doctor found issues in 1 category.
```
